#
# There is insufficient memory for the Java Runtime Environment to continue.
# Native memory allocation (mmap) failed to map 260046848 bytes for G1 virtual space
# Possible reasons:
#   The system is out of physical RAM or swap space
#   The process is running with CompressedOops enabled, and the Java Heap may be blocking the growth of the native heap
# Possible solutions:
#   Reduce memory load on the system
#   Increase physical memory or swap space
#   Check if swap backing store is full
#   Decrease Java heap size (-Xmx/-Xms)
#   Decrease number of Java threads
#   Decrease Java thread stack sizes (-Xss)
#   Set larger code cache with -XX:ReservedCodeCacheSize=
#   JVM is running with Zero Based Compressed Oops mode in which the Java heap is
#     placed in the first 32GB address space. The Java Heap base address is the
#     maximum limit for the native heap growth. Please use -XX:HeapBaseMinAddress
#     to set the Java Heap base and to place the Java Heap above 32GB virtual address.
# This output file may be truncated or incomplete.
#
#  Out of Memory Error (os_windows.cpp:3527), pid=8076, tid=6304
#
# JRE version:  (19.0+36) (build )
# Java VM: Java HotSpot(TM) 64-Bit Server VM (19+36-2238, mixed mode, sharing, tiered, compressed oops, compressed class ptrs, g1 gc, windows-amd64)
# No core dump will be written. Minidumps are not enabled by default on client versions of Windows
#

---------------  S U M M A R Y ------------

Command Line: -Dfile.encoding=UTF-8 --module-path=C:\java\laundri\build\classes laundri.Laundry

Host: AMD Ryzen 7 5800H with Radeon Graphics         , 16 cores, 15G,  Windows 11 , 64 bit Build 22000 (10.0.22000.1219)
Time: Fri Nov 25 15:17:52 2022 SE Asia Standard Time elapsed time: 0.011540 seconds (0d 0h 0m 0s)

---------------  T H R E A D  ---------------

Current thread (0x0000026c75dfc3d0):  JavaThread "Unknown thread" [_thread_in_vm, id=6304, stack(0x000000e3c5f00000,0x000000e3c6000000)]

Stack: [0x000000e3c5f00000,0x000000e3c6000000]
Native frames: (J=compiled Java code, j=interpreted, Vv=VM code, C=native code)
V  [jvm.dll+0x6ee8fa]
V  [jvm.dll+0x857a1e]
V  [jvm.dll+0x85940e]
V  [jvm.dll+0x859ac3]
V  [jvm.dll+0x28291f]
V  [jvm.dll+0x6eb6e9]
V  [jvm.dll+0x6e028a]
V  [jvm.dll+0x357136]
V  [jvm.dll+0x35eb96]
V  [jvm.dll+0x3b555e]
V  [jvm.dll+0x3b578f]
V  [jvm.dll+0x32c6ea]
V  [jvm.dll+0x32d59e]
V  [jvm.dll+0x821b20]
V  [jvm.dll+0x3c27c1]
V  [jvm.dll+0x8022f1]
V  [jvm.dll+0x44b30f]
V  [jvm.dll+0x44cc91]
C  [jli.dll+0x5287]
C  [ucrtbase.dll+0x26c0c]
C  [KERNEL32.DLL+0x15550]
C  [ntdll.dll+0x485b]


---------------  P R O C E S S  ---------------

Threads class SMR info:
_java_thread_list=0x00007ffc608fd048, length=0, elements={
}

Java Threads: ( => current thread )

Other Threads:
  0x0000026c75e6c850 WorkerThread "GC Thread#0" [stack: 0x000000e3c6000000,0x000000e3c6100000] [id=36728]
  0x0000026c75e7f050 ConcurrentGCThread "G1 Main Marker" [stack: 0x000000e3c6100000,0x000000e3c6200000] [id=14876]
  0x0000026c75e80120 WorkerThread "G1 Conc#0" [stack: 0x000000e3c6200000,0x000000e3c6300000] [id=24732]

[error occurred during error reporting (printing all threads), id 0xc0000005, EXCEPTION_ACCESS_VIOLATION (0xc0000005) at pc=0x00007ffc600bd127]

VM state: not at safepoint (not fully initialized)

VM Mutex/Monitor currently owned by a thread:  ([mutex/lock_event])
[0x0000026c75df86f0] Heap_lock - owner thread: 0x0000026c75dfc3d0

Heap address: 0x0000000709600000, size: 3946 MB, Compressed Oops mode: Zero based, Oop shift amount: 3

CDS archive(s) mapped at: [0x0000000000000000-0x0000000000000000-0x0000000000000000), size 0, SharedBaseAddress: 0x0000000800000000, ArchiveRelocationMode: 0.
Narrow klass base: 0x0000000000000000, Narrow klass shift: 0, Narrow klass range: 0x0

GC Precious Log:
 CardTable entry size: 512
 Card Set container configuration: InlinePtr #cards 4 size 8 Array Of Cards #cards 8 size 32 Howl #buckets 8 coarsen threshold 3686 Howl Bitmap #cards 512 size 80 coarsen threshold 460 Card regions per heap region 1 cards per card region 4096

Heap:
 garbage-first heap   total 0K, used 0K [0x0000000709600000, 0x0000000800000000)
  region size 2048K, 0 young (0K), 0 survivors (0K)

[error occurred during error reporting (printing heap information), id 0xc0000005, EXCEPTION_ACCESS_VIOLATION (0xc0000005) at pc=0x00007ffc604c6959]

GC Heap History (0 events):
No events

Dll operation events (1 events):
Event: 0.007 Loaded shared library C:\Program Files\Java\jdk-19\bin\java.dll

Deoptimization events (0 events):
No events

Classes loaded (0 events):
No events

Classes unloaded (0 events):
No events

Classes redefined (0 events):
No events

Internal exceptions (0 events):
No events

VM Operations (0 events):
No events

Events (0 events):
No events


Dynamic libraries:
0x00007ff6fe3c0000 - 0x00007ff6fe3d0000 	C:\Program Files\Java\jdk-19\bin\java.exe
0x00007ffd03880000 - 0x00007ffd03a89000 	C:\WINDOWS\SYSTEM32\ntdll.dll
0x00007ffd02a60000 - 0x00007ffd02b1e000 	C:\WINDOWS\System32\KERNEL32.DLL
0x00007ffd01010000 - 0x00007ffd0138b000 	C:\WINDOWS\System32\KERNELBASE.dll
0x00007ffd01390000 - 0x00007ffd014a1000 	C:\WINDOWS\System32\ucrtbase.dll
0x00007ffcf2d90000 - 0x00007ffcf2dab000 	C:\Program Files\Java\jdk-19\bin\VCRUNTIME140.dll
0x00007ffcf78d0000 - 0x00007ffcf78e8000 	C:\Program Files\Java\jdk-19\bin\jli.dll
0x00007ffd033c0000 - 0x00007ffd0346e000 	C:\WINDOWS\System32\ADVAPI32.dll
0x00007ffd019d0000 - 0x00007ffd01a73000 	C:\WINDOWS\System32\msvcrt.dll
0x00007ffd02430000 - 0x00007ffd024ce000 	C:\WINDOWS\System32\sechost.dll
0x00007ffd03690000 - 0x00007ffd037b0000 	C:\WINDOWS\System32\RPCRT4.dll
0x00007ffd034e0000 - 0x00007ffd0368d000 	C:\WINDOWS\System32\USER32.dll
0x00007ffcf9a20000 - 0x00007ffcf9cc5000 	C:\WINDOWS\WinSxS\amd64_microsoft.windows.common-controls_6595b64144ccf1df_6.0.22000.120_none_9d947278b86cc467\COMCTL32.dll
0x00007ffd00df0000 - 0x00007ffd00e16000 	C:\WINDOWS\System32\win32u.dll
0x00007ffd02400000 - 0x00007ffd02429000 	C:\WINDOWS\System32\GDI32.dll
0x00007ffd015e0000 - 0x00007ffd016f8000 	C:\WINDOWS\System32\gdi32full.dll
0x00007ffd00d50000 - 0x00007ffd00ded000 	C:\WINDOWS\System32\msvcp_win.dll
0x00007ffcf97d0000 - 0x00007ffcf97da000 	C:\WINDOWS\SYSTEM32\VERSION.dll
0x00007ffd02c70000 - 0x00007ffd02ca2000 	C:\WINDOWS\System32\IMM32.DLL
0x00007ffcf7030000 - 0x00007ffcf703c000 	C:\Program Files\Java\jdk-19\bin\vcruntime140_1.dll
0x00007ffc7e770000 - 0x00007ffc7e7fe000 	C:\Program Files\Java\jdk-19\bin\msvcp140.dll
0x00007ffc5fd80000 - 0x00007ffc60a40000 	C:\Program Files\Java\jdk-19\bin\server\jvm.dll
0x00007ffce3e10000 - 0x00007ffce3e19000 	C:\WINDOWS\SYSTEM32\WSOCK32.dll
0x00007ffcf9db0000 - 0x00007ffcf9de3000 	C:\WINDOWS\SYSTEM32\WINMM.dll
0x00007ffd03470000 - 0x00007ffd034df000 	C:\WINDOWS\System32\WS2_32.dll
0x00007ffcffe90000 - 0x00007ffcffea8000 	C:\WINDOWS\SYSTEM32\kernel.appcore.dll
0x00007ffce9c30000 - 0x00007ffce9c3a000 	C:\Program Files\Java\jdk-19\bin\jimage.dll
0x00007ffcfe6f0000 - 0x00007ffcfe911000 	C:\WINDOWS\SYSTEM32\DBGHELP.DLL
0x00007ffcf76a0000 - 0x00007ffcf76d1000 	C:\WINDOWS\SYSTEM32\dbgcore.DLL
0x00007ffd00e20000 - 0x00007ffd00e9f000 	C:\WINDOWS\System32\bcryptPrimitives.dll
0x00007ffc93450000 - 0x00007ffc93476000 	C:\Program Files\Java\jdk-19\bin\java.dll

dbghelp: loaded successfully - version: 4.0.5 - missing functions: none
symbol engine: initialized successfully - sym options: 0x614 - pdb path: .;C:\Program Files\Java\jdk-19\bin;C:\WINDOWS\SYSTEM32;C:\WINDOWS\WinSxS\amd64_microsoft.windows.common-controls_6595b64144ccf1df_6.0.22000.120_none_9d947278b86cc467;C:\Program Files\Java\jdk-19\bin\server

VM Arguments:
jvm_args: -Dfile.encoding=UTF-8 --module-path=C:\java\laundri\build\classes 
java_command: laundri.Laundry
java_class_path (initial): C:\Program Files\NetBeans-15\netbeans\java\modules\ext\AbsoluteLayout.jar;C:\java\laundri\build\classes
Launcher Type: SUN_STANDARD

[Global flags]
     intx CICompilerCount                          = 12                                        {product} {ergonomic}
     uint ConcGCThreads                            = 3                                         {product} {ergonomic}
     uint G1ConcRefinementThreads                  = 13                                        {product} {ergonomic}
   size_t G1HeapRegionSize                         = 2097152                                   {product} {ergonomic}
    uintx GCDrainStackTargetSize                   = 64                                        {product} {ergonomic}
   size_t InitialHeapSize                          = 260046848                                 {product} {ergonomic}
   size_t MarkStackSize                            = 4194304                                   {product} {ergonomic}
   size_t MaxHeapSize                              = 4137680896                                {product} {ergonomic}
   size_t MinHeapDeltaBytes                        = 2097152                                   {product} {ergonomic}
   size_t MinHeapSize                              = 8388608                                   {product} {ergonomic}
    uintx NonNMethodCodeHeapSize                   = 7602480                                {pd product} {ergonomic}
    uintx NonProfiledCodeHeapSize                  = 122027880                              {pd product} {ergonomic}
    uintx ProfiledCodeHeapSize                     = 122027880                              {pd product} {ergonomic}
    uintx ReservedCodeCacheSize                    = 251658240                              {pd product} {ergonomic}
     bool SegmentedCodeCache                       = true                                      {product} {ergonomic}
   size_t SoftMaxHeapSize                          = 4137680896                             {manageable} {ergonomic}
     bool UseCompressedClassPointers               = true                           {product lp64_product} {ergonomic}
     bool UseCompressedOops                        = true                           {product lp64_product} {ergonomic}
     bool UseG1GC                                  = true                                      {product} {ergonomic}
     bool UseLargePagesIndividualAllocation        = false                                  {pd product} {ergonomic}

Logging:
Log output configuration:
 #0: stdout all=warning uptime,level,tags foldmultilines=false
 #1: stderr all=off uptime,level,tags foldmultilines=false

Environment Variables:
PATH=C:\Program Files\Common Files\Oracle\Java\javapath;C:\Program Files (x86)\Common Files\Intel\Shared Libraries\redist\intel64\compiler;C:\Windows\system32;C:\Windows;C:\Windows\System32\Wbem;C:\Windows\System32\WindowsPowerShell\v1.0\;C:\Windows\System32\OpenSSH\;C:\Program Files (x86)\NVIDIA Corporation\PhysX\Common;C:\Program Files\NVIDIA Corporation\NVIDIA NvDLISR;C:\Program Files\dotnet\;C:\WINDOWS\system32;C:\WINDOWS;C:\WINDOWS\System32\Wbem;C:\WINDOWS\System32\WindowsPowerShell\v1.0\;C:\WINDOWS\System32\OpenSSH\;C:\Users\salma\AppData\Local\Programs\Python\Python39\Scripts\;C:\Users\salma\AppData\Local\Programs\Python\Python39\;C:\Users\salma\AppData\Local\Microsoft\WindowsApps;;C:\Users\salma\AppData\Local\Programs\Microsoft VS Code\bin;C:\Users\salma\.dotnet\tools
USERNAME=salman
OS=Windows_NT
PROCESSOR_IDENTIFIER=AMD64 Family 25 Model 80 Stepping 0, AuthenticAMD
TMP=C:\Users\salma\AppData\Local\Temp
TEMP=C:\Users\salma\AppData\Local\Temp



---------------  S Y S T E M  ---------------

OS:
 Windows 11 , 64 bit Build 22000 (10.0.22000.1219)
OS uptime: 3 days 20:49 hours
Hyper-V role detected

CPU: total 16 (initial active 16) (16 cores per cpu, 2 threads per core) family 25 model 80 stepping 0 microcode 0x0, cx8, cmov, fxsr, ht, mmx, 3dnowpref, sse, sse2, sse3, ssse3, sse4a, sse4.1, sse4.2, popcnt, lzcnt, tsc, tscinvbit, avx, avx2, aes, erms, clmul, bmi1, bmi2, adx, sha, fma, vzeroupper, clflush, clflushopt, hv, rdtscp, rdpid, fsrm

Memory: 4k page, system-wide physical 15776M (4771M free)
TotalPageFile size 64918M (AvailPageFile size 194M)
current process WorkingSet (physical memory assigned to process): 11M, peak: 11M
current process commit charge ("private bytes"): 70M, peak: 318M

vm_info: Java HotSpot(TM) 64-Bit Server VM (19+36-2238) for windows-amd64 JRE (19+36-2238), built on 2022-08-12T20:29:01Z by "mach5one" with MS VC++ 17.1 (VS2022)

END.
